Arguments: 
  C:\Program Files\nodejs\node.exe C:\Program Files (x86)\Yarn\bin\yarn.js add swiper

PATH: 
  C:\Windows\system32;C:\Windows;C:\Windows\System32\Wbem;C:\Windows\System32\WindowsPowerShell\v1.0\;C:\Windows\System32\OpenSSH\;C:\Program Files (x86)\ATI Technologies\ATI.ACE\Core-Static;C:\ProgramData\chocolatey\bin;C:\Program Files\nodejs\;C:\Program Files (x86)\Yarn\bin\;C:\Users\dzhanik.DESKTOP-26GSV6E\AppData\Local\Microsoft\WindowsApps;C:\Users\dzhanik.DESKTOP-26GSV6E\AppData\Local\Programs\Microsoft VS Code\bin;C:\Users\dzhanik.DESKTOP-26GSV6E\AppData\Local\.meteor;C:\Users\dzhanik.DESKTOP-26GSV6E\AppData\Roaming\npm;C:\Users\dzhanik.DESKTOP-26GSV6E\AppData\Local\Yarn\bin

Yarn version: 
  1.9.4

Node version: 
  10.9.0

Platform: 
  win32 x64

Trace: 
  Error: EPERM: operation not permitted, unlink 'E:\modus\node_modules\node-sass\vendor\win32-x64-64\binding.node'

npm manifest: 
  {
    "name": "gulp_template",
    "version": "3.0.0",
    "description": "OptimizedHTML - Start HTML Template",
    "main": "index.js",
    "scripts": {
      "test": "echo \"Error: no test specified\" && exit 1"
    },
    "author": "WebDesign Master",
    "license": "ISC",
    "devDependencies": {
      "browser-sync": "^2.24.7",
      "del": "^3.0.0",
      "eslint": "^5.5.0",
      "eslint-config-airbnb-base": "^13.1.0",
      "eslint-config-google": "^0.9.1",
      "eslint-plugin-import": "^2.14.0",
      "gulp": "^3.9.1",
      "gulp-autoprefixer": "^5.0.0",
      "gulp-cache": "^1.0.2",
      "gulp-clean-css": "^3.9.4",
      "gulp-concat": "^2.6.1",
      "gulp-cssnano": "^2.1.3",
      "gulp-imagemin": "^4.1.0",
      "gulp-notify": "^3.2.0",
      "gulp-rename": "^1.4.0",
      "gulp-rsync": "0.0.8",
      "gulp-sass": "^4.0.1",
      "gulp-uglify": "^3.0.1",
      "gulp-uglifyjs": "^0.6.2",
      "gulp-util": "^3.0.8",
      "vinyl-ftp": "^0.6.1"
    }
  }

yarn manifest: 
  No manifest

Lockfile: 
  No lockfile
